2023-08-25 12:26:30,421 [background-preinit] INFO  org.hibernate.validator.internal.util.Version(<clinit>:21) - HV000001: Hibernate Validator 8.0.0.Final
2023-08-25 12:26:30,790 [main] INFO  com.mjuAppSW.joA.JProjectApplication(logStarting:51) - Starting JProjectApplication using Java 17.0.7 with PID 186316 (C:\Users\choij\OneDrive\바탕 화면\JProject_final\JProject\build\classes\java\main started by choij in C:\Users\choij\OneDrive\바탕 화면\JProject_final\JProject)
2023-08-25 12:26:34,931 [main] INFO  com.mjuAppSW.joA.JProjectApplication(logStartupProfileInfo:640) - The following 1 profile is active: "prod"
2023-08-25 12:26:36,768 [main] INFO  org.springframework.data.repository.config.RepositoryConfigurationDelegate(registerRepositoriesIn:138) - Bootstrapping Spring Data JPA repositories in DEFAULT mode.
2023-08-25 12:26:37,013 [main] INFO  org.springframework.data.repository.config.RepositoryConfigurationDelegate(registerRepositoriesIn:208) - Finished Spring Data repository scanning in 219 ms. Found 11 JPA repository interfaces.
2023-08-25 12:26:37,017 [main] INFO  org.springframework.data.repository.config.RepositoryConfigurationDelegate(registerRepositoriesIn:138) - Bootstrapping Spring Data JPA repositories in DEFAULT mode.
2023-08-25 12:26:37,056 [main] INFO  org.springframework.data.repository.config.RepositoryConfigurationDelegate(registerRepositoriesIn:208) - Finished Spring Data repository scanning in 39 ms. Found 1 JPA repository interfaces.
2023-08-25 12:26:38,305 [main] INFO  com.ulisesbocchio.jasyptspringboot.configuration.EnableEncryptablePropertiesBeanFactoryPostProcessor(postProcessBeanFactory:44) - Post-processing PropertySource instances
2023-08-25 12:26:38,317 [main] INFO  com.ulisesbocchio.jasyptspringboot.EncryptablePropertySourceConverter(makeEncryptable:105) - Skipping PropertySource configurationProperties [class org.springframework.boot.context.properties.source.ConfigurationPropertySourcesPropertySource
2023-08-25 12:26:38,317 [main] INFO  com.ulisesbocchio.jasyptspringboot.EncryptablePropertySourceConverter(makeEncryptable:105) - Skipping PropertySource servletConfigInitParams [class org.springframework.core.env.PropertySource$StubPropertySource
2023-08-25 12:26:38,318 [main] INFO  com.ulisesbocchio.jasyptspringboot.EncryptablePropertySourceConverter(makeEncryptable:105) - Skipping PropertySource servletContextInitParams [class org.springframework.core.env.PropertySource$StubPropertySource
2023-08-25 12:26:38,321 [main] INFO  com.ulisesbocchio.jasyptspringboot.EncryptablePropertySourceConverter(makeEncryptable:110) - Converting PropertySource systemProperties [org.springframework.core.env.PropertiesPropertySource] to EncryptableMapPropertySourceWrapper
2023-08-25 12:26:38,321 [main] INFO  com.ulisesbocchio.jasyptspringboot.EncryptablePropertySourceConverter(makeEncryptable:110) - Converting PropertySource systemEnvironment [org.springframework.boot.env.SystemEnvironmentPropertySourceEnvironmentPostProcessor$OriginAwareSystemEnvironmentPropertySource] to EncryptableSystemEnvironmentPropertySourceWrapper
2023-08-25 12:26:38,322 [main] INFO  com.ulisesbocchio.jasyptspringboot.EncryptablePropertySourceConverter(makeEncryptable:110) - Converting PropertySource random [org.springframework.boot.env.RandomValuePropertySource] to EncryptablePropertySourceWrapper
2023-08-25 12:26:38,322 [main] INFO  com.ulisesbocchio.jasyptspringboot.EncryptablePropertySourceConverter(makeEncryptable:110) - Converting PropertySource Config resource 'class path resource [application-prod.yml]' via location 'optional:classpath:/' [org.springframework.boot.env.OriginTrackedMapPropertySource] to EncryptableMapPropertySourceWrapper
2023-08-25 12:26:38,323 [main] INFO  com.ulisesbocchio.jasyptspringboot.EncryptablePropertySourceConverter(makeEncryptable:110) - Converting PropertySource Config resource 'class path resource [application.yml]' via location 'optional:classpath:/' [org.springframework.boot.env.OriginTrackedMapPropertySource] to EncryptableMapPropertySourceWrapper
2023-08-25 12:26:39,254 [main] INFO  org.springframework.boot.web.embedded.tomcat.TomcatWebServer(initialize:108) - Tomcat initialized with port(s): 8080 (http)
2023-08-25 12:26:39,281 [main] INFO  org.apache.coyote.http11.Http11NioProtocol(log:173) - Initializing ProtocolHandler ["http-nio-8080"]
2023-08-25 12:26:39,287 [main] INFO  org.apache.catalina.core.StandardService(log:173) - Starting service [Tomcat]
2023-08-25 12:26:39,287 [main] INFO  org.apache.catalina.core.StandardEngine(log:173) - Starting Servlet engine: [Apache Tomcat/10.1.10]
2023-08-25 12:26:39,591 [main] INFO  org.apache.catalina.core.ContainerBase.[Tomcat].[localhost].[/](log:173) - Initializing Spring embedded WebApplicationContext
2023-08-25 12:26:39,597 [main] INFO  org.springframework.boot.web.servlet.context.ServletWebServerApplicationContext(prepareWebApplicationContext:291) - Root WebApplicationContext: initialization completed in 4400 ms
2023-08-25 12:26:39,815 [main] INFO  com.ulisesbocchio.jasyptspringboot.filter.DefaultLazyPropertyFilter(lambda$new$2:45) - Property Filter custom Bean not found with name 'encryptablePropertyFilter'. Initializing Default Property Filter
2023-08-25 12:26:39,852 [main] INFO  com.ulisesbocchio.jasyptspringboot.resolver.DefaultLazyPropertyResolver(lambda$new$2:46) - Property Resolver custom Bean not found with name 'encryptablePropertyResolver'. Initializing Default Property Resolver
2023-08-25 12:26:39,860 [main] INFO  com.ulisesbocchio.jasyptspringboot.detector.DefaultLazyPropertyDetector(lambda$new$2:44) - Property Detector custom Bean not found with name 'encryptablePropertyDetector'. Initializing Default Property Detector
2023-08-25 12:26:40,665 [main] INFO  org.hibernate.jpa.internal.util.LogHelper(logPersistenceUnitInformation:31) - HHH000204: Processing PersistenceUnitInfo [name: default]
2023-08-25 12:26:41,523 [main] INFO  org.hibernate.Version(logVersion:44) - HHH000412: Hibernate ORM core version 6.2.5.Final
2023-08-25 12:26:41,554 [main] INFO  org.hibernate.cfg.Environment(<clinit>:191) - HHH000406: Using bytecode reflection optimizer
2023-08-25 12:26:41,671 [main] INFO  org.hibernate.spatial.integration.SpatialService(<init>:42) - HHH80000001: hibernate-spatial integration enabled : true
2023-08-25 12:26:43,043 [main] INFO  com.zaxxer.hikari.HikariDataSource(getConnection:110) - HikariPool-1 - Starting...
2023-08-25 12:26:43,345 [main] INFO  com.zaxxer.hikari.pool.HikariPool(checkFailFast:565) - HikariPool-1 - Added connection com.mysql.cj.jdbc.ConnectionImpl@76134b9b
2023-08-25 12:26:43,352 [main] INFO  com.zaxxer.hikari.HikariDataSource(getConnection:123) - HikariPool-1 - Start completed.
2023-08-25 12:26:44,167 [main] INFO  org.hibernate.spatial(contributeJdbcTypes:28) - HHH80000003: hibernate-spatial adding type contributions from : org.hibernate.spatial.dialect.mysql.MySQLDialectContributor
2023-08-25 12:26:45,255 [main] INFO  org.hibernate.bytecode.internal.BytecodeProviderInitiator(buildBytecodeProvider:53) - HHH000021: Bytecode provider name : bytebuddy
2023-08-25 12:26:46,679 [main] INFO  org.springframework.orm.jpa.persistenceunit.SpringPersistenceUnitInfo(addTransformer:87) - No LoadTimeWeaver setup: ignoring JPA class transformer
2023-08-25 12:26:46,759 [main] INFO  org.hibernate.spatial(contributeJdbcTypes:28) - HHH80000003: hibernate-spatial adding type contributions from : org.hibernate.spatial.dialect.mysql.MySQLDialectContributor
2023-08-25 12:26:48,071 [main] INFO  org.hibernate.bytecode.internal.BytecodeProviderInitiator(buildBytecodeProvider:53) - HHH000021: Bytecode provider name : bytebuddy
2023-08-25 12:26:48,823 [main] INFO  org.hibernate.spatial(contributeFunctions:34) - HHH80000004: hibernate-spatial adding function contributions from : org.hibernate.spatial.dialect.mysql.MySQLDialectContributor
2023-08-25 12:26:54,178 [main] INFO  org.hibernate.engine.transaction.jta.platform.internal.JtaPlatformInitiator(initiateService:51) - HHH000490: Using JtaPlatform implementation: [org.hibernate.engine.transaction.jta.platform.internal.NoJtaPlatform]
2023-08-25 12:26:55,339 [main] WARN  org.hibernate.tool.schema.internal.ExceptionHandlerLoggedImpl(handleException:27) - GenerationTarget encountered exception accepting command : Error executing DDL "alter table Message_report drop foreign key FKqkarouoha84qihvprwx5d3f3e" via JDBC [Can't DROP 'FKqkarouoha84qihvprwx5d3f3e'; check that column/key exists]
org.hibernate.tool.schema.spi.CommandAcceptanceException: Error executing DDL "alter table Message_report drop foreign key FKqkarouoha84qihvprwx5d3f3e" via JDBC [Can't DROP 'FKqkarouoha84qihvprwx5d3f3e'; check that column/key exists]
	at org.hibernate.tool.schema.internal.exec.GenerationTargetToDatabase.accept(GenerationTargetToDatabase.java:92) ~[hibernate-core-6.2.5.Final.jar:6.2.5.Final]
	at org.hibernate.tool.schema.internal.Helper.applySqlString(Helper.java:235) ~[hibernate-core-6.2.5.Final.jar:6.2.5.Final]
	at org.hibernate.tool.schema.internal.Helper.applySqlStrings(Helper.java:219) ~[hibernate-core-6.2.5.Final.jar:6.2.5.Final]
	at org.hibernate.tool.schema.internal.SchemaDropperImpl.applyConstraintDropping(SchemaDropperImpl.java:455) ~[hibernate-core-6.2.5.Final.jar:6.2.5.Final]
	at org.hibernate.tool.schema.internal.SchemaDropperImpl.dropConstraintsTablesSequences(SchemaDropperImpl.java:242) ~[hibernate-core-6.2.5.Final.jar:6.2.5.Final]
	at org.hibernate.tool.schema.internal.SchemaDropperImpl.dropFromMetadata(SchemaDropperImpl.java:215) ~[hibernate-core-6.2.5.Final.jar:6.2.5.Final]
	at org.hibernate.tool.schema.internal.SchemaDropperImpl.performDrop(SchemaDropperImpl.java:185) ~[hibernate-core-6.2.5.Final.jar:6.2.5.Final]
	at org.hibernate.tool.schema.internal.SchemaDropperImpl.doDrop(SchemaDropperImpl.java:155) ~[hibernate-core-6.2.5.Final.jar:6.2.5.Final]
	at org.hibernate.tool.schema.internal.SchemaDropperImpl.doDrop(SchemaDropperImpl.java:115) ~[hibernate-core-6.2.5.Final.jar:6.2.5.Final]
	at org.hibernate.tool.schema.spi.SchemaManagementToolCoordinator.performDatabaseAction(SchemaManagementToolCoordinator.java:242) ~[hibernate-core-6.2.5.Final.jar:6.2.5.Final]
	at org.hibernate.tool.schema.spi.SchemaManagementToolCoordinator.lambda$process$5(SchemaManagementToolCoordinator.java:143) ~[hibernate-core-6.2.5.Final.jar:6.2.5.Final]
	at java.util.HashMap.forEach(HashMap.java:1421) ~[?:?]
	at org.hibernate.tool.schema.spi.SchemaManagementToolCoordinator.process(SchemaManagementToolCoordinator.java:140) ~[hibernate-core-6.2.5.Final.jar:6.2.5.Final]
	at org.hibernate.boot.internal.SessionFactoryObserverForSchemaExport.sessionFactoryCreated(SessionFactoryObserverForSchemaExport.java:37) ~[hibernate-core-6.2.5.Final.jar:6.2.5.Final]
	at org.hibernate.internal.SessionFactoryObserverChain.sessionFactoryCreated(SessionFactoryObserverChain.java:35) ~[hibernate-core-6.2.5.Final.jar:6.2.5.Final]
	at org.hibernate.internal.SessionFactoryImpl.<init>(SessionFactoryImpl.java:292) ~[hibernate-core-6.2.5.Final.jar:6.2.5.Final]
	at org.hibernate.boot.internal.SessionFactoryBuilderImpl.build(SessionFactoryBuilderImpl.java:431) ~[hibernate-core-6.2.5.Final.jar:6.2.5.Final]
	at org.hibernate.jpa.boot.internal.EntityManagerFactoryBuilderImpl.build(EntityManagerFactoryBuilderImpl.java:1455) ~[hibernate-core-6.2.5.Final.jar:6.2.5.Final]
	at org.springframework.orm.jpa.vendor.SpringHibernateJpaPersistenceProvider.createContainerEntityManagerFactory(SpringHibernateJpaPersistenceProvider.java:75) ~[spring-orm-6.0.10.jar:6.0.10]
	at org.springframework.orm.jpa.LocalContainerEntityManagerFactoryBean.createNativeEntityManagerFactory(LocalContainerEntityManagerFactoryBean.java:376) ~[spring-orm-6.0.10.jar:6.0.10]
	at org.springframework.orm.jpa.AbstractEntityManagerFactoryBean.buildNativeEntityManagerFactory(AbstractEntityManagerFactoryBean.java:409) ~[spring-orm-6.0.10.jar:6.0.10]
	at org.springframework.orm.jpa.AbstractEntityManagerFactoryBean.afterPropertiesSet(AbstractEntityManagerFactoryBean.java:396) ~[spring-orm-6.0.10.jar:6.0.10]
	at org.springframework.orm.jpa.LocalContainerEntityManagerFactoryBean.afterPropertiesSet(LocalContainerEntityManagerFactoryBean.java:352) ~[spring-orm-6.0.10.jar:6.0.10]
	at org.springframework.beans.factory.support.AbstractAutowireCapableBeanFactory.invokeInitMethods(AbstractAutowireCapableBeanFactory.java:1816) ~[spring-beans-6.0.10.jar:6.0.10]
	at org.springframework.beans.factory.support.AbstractAutowireCapableBeanFactory.initializeBean(AbstractAutowireCapableBeanFactory.java:1766) ~[spring-beans-6.0.10.jar:6.0.10]
	at org.springframework.beans.factory.support.AbstractAutowireCapableBeanFactory.doCreateBean(AbstractAutowireCapableBeanFactory.java:598) ~[spring-beans-6.0.10.jar:6.0.10]
	at org.springframework.beans.factory.support.AbstractAutowireCapableBeanFactory.createBean(AbstractAutowireCapableBeanFactory.java:520) ~[spring-beans-6.0.10.jar:6.0.10]
	at org.springframework.beans.factory.support.AbstractBeanFactory.lambda$doGetBean$0(AbstractBeanFactory.java:326) ~[spring-beans-6.0.10.jar:6.0.10]
	at org.springframework.beans.factory.support.DefaultSingletonBeanRegistry.getSingleton(DefaultSingletonBeanRegistry.java:234) [spring-beans-6.0.10.jar:6.0.10]
	at org.springframework.beans.factory.support.AbstractBeanFactory.doGetBean(AbstractBeanFactory.java:324) [spring-beans-6.0.10.jar:6.0.10]
	at org.springframework.beans.factory.support.AbstractBeanFactory.getBean(AbstractBeanFactory.java:200) [spring-beans-6.0.10.jar:6.0.10]
	at org.springframework.context.support.AbstractApplicationContext.getBean(AbstractApplicationContext.java:1154) [spring-context-6.0.10.jar:6.0.10]
	at org.springframework.context.support.AbstractApplicationContext.finishBeanFactoryInitialization(AbstractApplicationContext.java:931) [spring-context-6.0.10.jar:6.0.10]
	at org.springframework.context.support.AbstractApplicationContext.refresh(AbstractApplicationContext.java:608) [spring-context-6.0.10.jar:6.0.10]
	at org.springframework.boot.web.servlet.context.ServletWebServerApplicationContext.refresh(ServletWebServerApplicationContext.java:146) [spring-boot-3.1.1.jar:3.1.1]
	at org.springframework.boot.SpringApplication.refresh(SpringApplication.java:734) [spring-boot-3.1.1.jar:3.1.1]
	at org.springframework.boot.SpringApplication.refreshContext(SpringApplication.java:436) [spring-boot-3.1.1.jar:3.1.1]
	at org.springframework.boot.SpringApplication.run(SpringApplication.java:312) [spring-boot-3.1.1.jar:3.1.1]
	at org.springframework.boot.SpringApplication.run(SpringApplication.java:1306) [spring-boot-3.1.1.jar:3.1.1]
	at org.springframework.boot.SpringApplication.run(SpringApplication.java:1295) [spring-boot-3.1.1.jar:3.1.1]
	at com.mjuAppSW.joA.JProjectApplication.main(JProjectApplication.java:17) [main/:?]
Caused by: java.sql.SQLSyntaxErrorException: Can't DROP 'FKqkarouoha84qihvprwx5d3f3e'; check that column/key exists
	at com.mysql.cj.jdbc.exceptions.SQLError.createSQLException(SQLError.java:120) ~[mysql-connector-java-8.0.27.jar:8.0.27]
	at com.mysql.cj.jdbc.exceptions.SQLExceptionsMapping.translateException(SQLExceptionsMapping.java:122) ~[mysql-connector-java-8.0.27.jar:8.0.27]
	at com.mysql.cj.jdbc.StatementImpl.executeInternal(StatementImpl.java:768) ~[mysql-connector-java-8.0.27.jar:8.0.27]
	at com.mysql.cj.jdbc.StatementImpl.execute(StatementImpl.java:653) ~[mysql-connector-java-8.0.27.jar:8.0.27]
	at com.zaxxer.hikari.pool.ProxyStatement.execute(ProxyStatement.java:94) ~[HikariCP-5.0.1.jar:?]
	at com.zaxxer.hikari.pool.HikariProxyStatement.execute(HikariProxyStatement.java) ~[HikariCP-5.0.1.jar:?]
	at org.hibernate.tool.schema.internal.exec.GenerationTargetToDatabase.accept(GenerationTargetToDatabase.java:78) ~[hibernate-core-6.2.5.Final.jar:6.2.5.Final]
	... 40 more
2023-08-25 12:27:01,300 [main] INFO  org.springframework.orm.jpa.LocalContainerEntityManagerFactoryBean(buildNativeEntityManagerFactory:437) - Initialized JPA EntityManagerFactory for persistence unit 'default'
2023-08-25 12:27:01,622 [main] INFO  org.hibernate.jpa.internal.util.LogHelper(logPersistenceUnitInformation:31) - HHH000204: Processing PersistenceUnitInfo [name: default]
2023-08-25 12:27:01,878 [main] INFO  org.hibernate.spatial.integration.SpatialService(<init>:42) - HHH80000001: hibernate-spatial integration enabled : true
2023-08-25 12:27:02,144 [main] INFO  com.zaxxer.hikari.HikariDataSource(getConnection:110) - HikariPool-2 - Starting...
2023-08-25 12:27:04,678 [main] INFO  com.zaxxer.hikari.pool.HikariPool(checkFailFast:565) - HikariPool-2 - Added connection org.postgresql.jdbc.PgConnection@18a349cb
2023-08-25 12:27:04,679 [main] INFO  com.zaxxer.hikari.HikariDataSource(getConnection:123) - HikariPool-2 - Start completed.
2023-08-25 12:27:04,798 [main] INFO  org.hibernate.spatial(contributeJdbcTypes:28) - HHH80000003: hibernate-spatial adding type contributions from : org.hibernate.spatial.dialect.postgis.PostgisDialectContributor
2023-08-25 12:27:05,525 [main] INFO  org.hibernate.bytecode.internal.BytecodeProviderInitiator(buildBytecodeProvider:53) - HHH000021: Bytecode provider name : bytebuddy
2023-08-25 12:27:05,527 [main] INFO  org.springframework.orm.jpa.persistenceunit.SpringPersistenceUnitInfo(addTransformer:87) - No LoadTimeWeaver setup: ignoring JPA class transformer
2023-08-25 12:27:05,565 [main] INFO  org.hibernate.spatial(contributeJdbcTypes:28) - HHH80000003: hibernate-spatial adding type contributions from : org.hibernate.spatial.dialect.postgis.PostgisDialectContributor
2023-08-25 12:27:05,615 [main] INFO  org.hibernate.bytecode.internal.BytecodeProviderInitiator(buildBytecodeProvider:53) - HHH000021: Bytecode provider name : bytebuddy
2023-08-25 12:27:05,675 [main] INFO  org.hibernate.spatial(contributeFunctions:41) - HHH80000004: hibernate-spatial adding function contributions from : org.hibernate.spatial.dialect.postgis.PostgisDialectContributor
2023-08-25 12:27:05,807 [main] INFO  org.hibernate.engine.transaction.jta.platform.internal.JtaPlatformInitiator(initiateService:51) - HHH000490: Using JtaPlatform implementation: [org.hibernate.engine.transaction.jta.platform.internal.NoJtaPlatform]
2023-08-25 12:27:05,910 [main] INFO  org.springframework.orm.jpa.LocalContainerEntityManagerFactoryBean(buildNativeEntityManagerFactory:437) - Initialized JPA EntityManagerFactory for persistence unit 'default'
2023-08-25 12:27:07,725 [main] INFO  org.springframework.data.jpa.repository.query.QueryEnhancerFactory(<clinit>:47) - Hibernate is in classpath; If applicable, HQL parser will be used.
2023-08-25 12:27:31,723 [main] WARN  org.springframework.boot.autoconfigure.orm.jpa.JpaBaseConfiguration$JpaWebConfiguration(openEntityManagerInViewInterceptor:231) - spring.jpa.open-in-view is enabled by default. Therefore, database queries may be performed during view rendering. Explicitly configure spring.jpa.open-in-view to disable this warning
2023-08-25 12:27:32,592 [main] INFO  org.apache.coyote.http11.Http11NioProtocol(log:173) - Starting ProtocolHandler ["http-nio-8080"]
2023-08-25 12:27:32,658 [main] INFO  org.springframework.boot.web.embedded.tomcat.TomcatWebServer(start:220) - Tomcat started on port(s): 8080 (http) with context path ''
2023-08-25 12:27:32,662 [main] INFO  com.ulisesbocchio.jasyptspringboot.caching.RefreshScopeRefreshedEventListener(onApplicationEvent:70) - Refreshing cached encryptable property sources on ServletWebServerInitializedEvent
2023-08-25 12:27:32,663 [main] INFO  com.ulisesbocchio.jasyptspringboot.caching.CachingDelegateEncryptablePropertySource(refresh:92) - Property Source systemProperties refreshed
2023-08-25 12:27:32,663 [main] INFO  com.ulisesbocchio.jasyptspringboot.caching.CachingDelegateEncryptablePropertySource(refresh:92) - Property Source systemEnvironment refreshed
2023-08-25 12:27:32,664 [main] INFO  com.ulisesbocchio.jasyptspringboot.caching.CachingDelegateEncryptablePropertySource(refresh:92) - Property Source random refreshed
2023-08-25 12:27:32,664 [main] INFO  com.ulisesbocchio.jasyptspringboot.caching.CachingDelegateEncryptablePropertySource(refresh:92) - Property Source Config resource 'class path resource [application-prod.yml]' via location 'optional:classpath:/' refreshed
2023-08-25 12:27:32,664 [main] INFO  com.ulisesbocchio.jasyptspringboot.caching.CachingDelegateEncryptablePropertySource(refresh:92) - Property Source Config resource 'class path resource [application.yml]' via location 'optional:classpath:/' refreshed
2023-08-25 12:27:32,665 [main] INFO  com.ulisesbocchio.jasyptspringboot.EncryptablePropertySourceConverter(makeEncryptable:105) - Skipping PropertySource configurationProperties [class org.springframework.boot.context.properties.source.ConfigurationPropertySourcesPropertySource
2023-08-25 12:27:32,666 [main] INFO  com.ulisesbocchio.jasyptspringboot.EncryptablePropertySourceConverter(makeEncryptable:105) - Skipping PropertySource servletConfigInitParams [class org.springframework.core.env.PropertySource$StubPropertySource
2023-08-25 12:27:32,666 [main] INFO  com.ulisesbocchio.jasyptspringboot.EncryptablePropertySourceConverter(makeEncryptable:110) - Converting PropertySource servletContextInitParams [org.springframework.web.context.support.ServletContextPropertySource] to EncryptableEnumerablePropertySourceWrapper
2023-08-25 12:27:32,699 [main] INFO  com.mjuAppSW.joA.JProjectApplication(logStarted:57) - Started JProjectApplication in 63.826 seconds (process running for 81.176)
2023-08-25 12:27:33,723 [SpringApplicationShutdownHook] INFO  org.springframework.orm.jpa.LocalContainerEntityManagerFactoryBean(destroy:650) - Closing JPA EntityManagerFactory for persistence unit 'default'
2023-08-25 12:27:33,724 [SpringApplicationShutdownHook] INFO  com.zaxxer.hikari.HikariDataSource(close:350) - HikariPool-2 - Shutdown initiated...
2023-08-25 12:27:33,744 [SpringApplicationShutdownHook] INFO  com.zaxxer.hikari.HikariDataSource(close:352) - HikariPool-2 - Shutdown completed.
2023-08-25 12:27:33,745 [SpringApplicationShutdownHook] INFO  org.springframework.orm.jpa.LocalContainerEntityManagerFactoryBean(destroy:650) - Closing JPA EntityManagerFactory for persistence unit 'default'
2023-08-25 12:27:33,749 [SpringApplicationShutdownHook] INFO  com.zaxxer.hikari.HikariDataSource(close:350) - HikariPool-1 - Shutdown initiated...
2023-08-25 12:27:33,849 [SpringApplicationShutdownHook] INFO  com.zaxxer.hikari.HikariDataSource(close:352) - HikariPool-1 - Shutdown completed.
2023-08-25 12:27:54,644 [background-preinit] INFO  org.hibernate.validator.internal.util.Version(<clinit>:21) - HV000001: Hibernate Validator 8.0.0.Final
2023-08-25 12:27:54,724 [main] INFO  com.mjuAppSW.joA.JProjectApplication(logStarting:51) - Starting JProjectApplication using Java 17.0.7 with PID 368148 (C:\Users\choij\OneDrive\바탕 화면\JProject_final\JProject\build\classes\java\main started by choij in C:\Users\choij\OneDrive\바탕 화면\JProject_final\JProject)
2023-08-25 12:27:56,020 [main] INFO  com.mjuAppSW.joA.JProjectApplication(logStartupProfileInfo:640) - The following 1 profile is active: "prod"
2023-08-25 12:27:57,144 [main] INFO  org.springframework.data.repository.config.RepositoryConfigurationDelegate(registerRepositoriesIn:138) - Bootstrapping Spring Data JPA repositories in DEFAULT mode.
2023-08-25 12:27:57,293 [main] INFO  org.springframework.data.repository.config.RepositoryConfigurationDelegate(registerRepositoriesIn:208) - Finished Spring Data repository scanning in 133 ms. Found 11 JPA repository interfaces.
2023-08-25 12:27:57,295 [main] INFO  org.springframework.data.repository.config.RepositoryConfigurationDelegate(registerRepositoriesIn:138) - Bootstrapping Spring Data JPA repositories in DEFAULT mode.
2023-08-25 12:27:57,310 [main] INFO  org.springframework.data.repository.config.RepositoryConfigurationDelegate(registerRepositoriesIn:208) - Finished Spring Data repository scanning in 14 ms. Found 1 JPA repository interfaces.
2023-08-25 12:27:58,041 [main] INFO  com.ulisesbocchio.jasyptspringboot.configuration.EnableEncryptablePropertiesBeanFactoryPostProcessor(postProcessBeanFactory:44) - Post-processing PropertySource instances
2023-08-25 12:27:58,048 [main] INFO  com.ulisesbocchio.jasyptspringboot.EncryptablePropertySourceConverter(makeEncryptable:105) - Skipping PropertySource configurationProperties [class org.springframework.boot.context.properties.source.ConfigurationPropertySourcesPropertySource
2023-08-25 12:27:58,049 [main] INFO  com.ulisesbocchio.jasyptspringboot.EncryptablePropertySourceConverter(makeEncryptable:105) - Skipping PropertySource servletConfigInitParams [class org.springframework.core.env.PropertySource$StubPropertySource
2023-08-25 12:27:58,049 [main] INFO  com.ulisesbocchio.jasyptspringboot.EncryptablePropertySourceConverter(makeEncryptable:105) - Skipping PropertySource servletContextInitParams [class org.springframework.core.env.PropertySource$StubPropertySource
2023-08-25 12:27:58,051 [main] INFO  com.ulisesbocchio.jasyptspringboot.EncryptablePropertySourceConverter(makeEncryptable:110) - Converting PropertySource systemProperties [org.springframework.core.env.PropertiesPropertySource] to EncryptableMapPropertySourceWrapper
2023-08-25 12:27:58,052 [main] INFO  com.ulisesbocchio.jasyptspringboot.EncryptablePropertySourceConverter(makeEncryptable:110) - Converting PropertySource systemEnvironment [org.springframework.boot.env.SystemEnvironmentPropertySourceEnvironmentPostProcessor$OriginAwareSystemEnvironmentPropertySource] to EncryptableSystemEnvironmentPropertySourceWrapper
2023-08-25 12:27:58,052 [main] INFO  com.ulisesbocchio.jasyptspringboot.EncryptablePropertySourceConverter(makeEncryptable:110) - Converting PropertySource random [org.springframework.boot.env.RandomValuePropertySource] to EncryptablePropertySourceWrapper
2023-08-25 12:27:58,053 [main] INFO  com.ulisesbocchio.jasyptspringboot.EncryptablePropertySourceConverter(makeEncryptable:110) - Converting PropertySource Config resource 'class path resource [application-prod.yml]' via location 'optional:classpath:/' [org.springframework.boot.env.OriginTrackedMapPropertySource] to EncryptableMapPropertySourceWrapper
2023-08-25 12:27:58,053 [main] INFO  com.ulisesbocchio.jasyptspringboot.EncryptablePropertySourceConverter(makeEncryptable:110) - Converting PropertySource Config resource 'class path resource [application.yml]' via location 'optional:classpath:/' [org.springframework.boot.env.OriginTrackedMapPropertySource] to EncryptableMapPropertySourceWrapper
2023-08-25 12:27:58,733 [main] INFO  org.springframework.boot.web.embedded.tomcat.TomcatWebServer(initialize:108) - Tomcat initialized with port(s): 8080 (http)
2023-08-25 12:27:58,758 [main] INFO  org.apache.coyote.http11.Http11NioProtocol(log:173) - Initializing ProtocolHandler ["http-nio-8080"]
2023-08-25 12:27:58,763 [main] INFO  org.apache.catalina.core.StandardService(log:173) - Starting service [Tomcat]
2023-08-25 12:27:58,764 [main] INFO  org.apache.catalina.core.StandardEngine(log:173) - Starting Servlet engine: [Apache Tomcat/10.1.10]
2023-08-25 12:27:58,998 [main] INFO  org.apache.catalina.core.ContainerBase.[Tomcat].[localhost].[/](log:173) - Initializing Spring embedded WebApplicationContext
2023-08-25 12:27:59,001 [main] INFO  org.springframework.boot.web.servlet.context.ServletWebServerApplicationContext(prepareWebApplicationContext:291) - Root WebApplicationContext: initialization completed in 2801 ms
2023-08-25 12:27:59,112 [main] INFO  com.ulisesbocchio.jasyptspringboot.filter.DefaultLazyPropertyFilter(lambda$new$2:45) - Property Filter custom Bean not found with name 'encryptablePropertyFilter'. Initializing Default Property Filter
2023-08-25 12:27:59,127 [main] INFO  com.ulisesbocchio.jasyptspringboot.resolver.DefaultLazyPropertyResolver(lambda$new$2:46) - Property Resolver custom Bean not found with name 'encryptablePropertyResolver'. Initializing Default Property Resolver
2023-08-25 12:27:59,130 [main] INFO  com.ulisesbocchio.jasyptspringboot.detector.DefaultLazyPropertyDetector(lambda$new$2:44) - Property Detector custom Bean not found with name 'encryptablePropertyDetector'. Initializing Default Property Detector
2023-08-25 12:27:59,280 [main] INFO  org.hibernate.jpa.internal.util.LogHelper(logPersistenceUnitInformation:31) - HHH000204: Processing PersistenceUnitInfo [name: default]
2023-08-25 12:27:59,437 [main] INFO  org.hibernate.Version(logVersion:44) - HHH000412: Hibernate ORM core version 6.2.5.Final
2023-08-25 12:27:59,441 [main] INFO  org.hibernate.cfg.Environment(<clinit>:191) - HHH000406: Using bytecode reflection optimizer
2023-08-25 12:27:59,457 [main] INFO  org.hibernate.spatial.integration.SpatialService(<init>:42) - HHH80000001: hibernate-spatial integration enabled : true
2023-08-25 12:27:59,779 [main] INFO  com.zaxxer.hikari.HikariDataSource(getConnection:110) - HikariPool-1 - Starting...
2023-08-25 12:28:00,043 [main] INFO  com.zaxxer.hikari.pool.HikariPool(checkFailFast:565) - HikariPool-1 - Added connection com.mysql.cj.jdbc.ConnectionImpl@3a8fb023
2023-08-25 12:28:00,047 [main] INFO  com.zaxxer.hikari.HikariDataSource(getConnection:123) - HikariPool-1 - Start completed.
2023-08-25 12:28:00,194 [main] INFO  org.hibernate.spatial(contributeJdbcTypes:28) - HHH80000003: hibernate-spatial adding type contributions from : org.hibernate.spatial.dialect.mysql.MySQLDialectContributor
2023-08-25 12:28:00,436 [main] INFO  org.hibernate.bytecode.internal.BytecodeProviderInitiator(buildBytecodeProvider:53) - HHH000021: Bytecode provider name : bytebuddy
2023-08-25 12:28:00,726 [main] INFO  org.springframework.orm.jpa.persistenceunit.SpringPersistenceUnitInfo(addTransformer:87) - No LoadTimeWeaver setup: ignoring JPA class transformer
2023-08-25 12:28:00,763 [main] INFO  org.hibernate.spatial(contributeJdbcTypes:28) - HHH80000003: hibernate-spatial adding type contributions from : org.hibernate.spatial.dialect.mysql.MySQLDialectContributor
2023-08-25 12:28:01,283 [main] INFO  org.hibernate.bytecode.internal.BytecodeProviderInitiator(buildBytecodeProvider:53) - HHH000021: Bytecode provider name : bytebuddy
2023-08-25 12:28:01,533 [main] INFO  org.hibernate.spatial(contributeFunctions:34) - HHH80000004: hibernate-spatial adding function contributions from : org.hibernate.spatial.dialect.mysql.MySQLDialectContributor
2023-08-25 12:28:02,854 [main] INFO  org.hibernate.engine.transaction.jta.platform.internal.JtaPlatformInitiator(initiateService:51) - HHH000490: Using JtaPlatform implementation: [org.hibernate.engine.transaction.jta.platform.internal.NoJtaPlatform]
2023-08-25 12:28:06,191 [main] INFO  org.springframework.orm.jpa.LocalContainerEntityManagerFactoryBean(buildNativeEntityManagerFactory:437) - Initialized JPA EntityManagerFactory for persistence unit 'default'
2023-08-25 12:28:06,225 [main] INFO  org.hibernate.jpa.internal.util.LogHelper(logPersistenceUnitInformation:31) - HHH000204: Processing PersistenceUnitInfo [name: default]
2023-08-25 12:28:06,233 [main] INFO  org.hibernate.spatial.integration.SpatialService(<init>:42) - HHH80000001: hibernate-spatial integration enabled : true
2023-08-25 12:28:06,245 [main] INFO  com.zaxxer.hikari.HikariDataSource(getConnection:110) - HikariPool-2 - Starting...
2023-08-25 12:28:06,616 [main] INFO  com.zaxxer.hikari.pool.HikariPool(checkFailFast:565) - HikariPool-2 - Added connection org.postgresql.jdbc.PgConnection@63661fc7
2023-08-25 12:28:06,616 [main] INFO  com.zaxxer.hikari.HikariDataSource(getConnection:123) - HikariPool-2 - Start completed.
2023-08-25 12:28:06,658 [main] INFO  org.hibernate.spatial(contributeJdbcTypes:28) - HHH80000003: hibernate-spatial adding type contributions from : org.hibernate.spatial.dialect.postgis.PostgisDialectContributor
2023-08-25 12:28:06,750 [main] INFO  org.hibernate.bytecode.internal.BytecodeProviderInitiator(buildBytecodeProvider:53) - HHH000021: Bytecode provider name : bytebuddy
2023-08-25 12:28:06,750 [main] INFO  org.springframework.orm.jpa.persistenceunit.SpringPersistenceUnitInfo(addTransformer:87) - No LoadTimeWeaver setup: ignoring JPA class transformer
2023-08-25 12:28:06,759 [main] INFO  org.hibernate.spatial(contributeJdbcTypes:28) - HHH80000003: hibernate-spatial adding type contributions from : org.hibernate.spatial.dialect.postgis.PostgisDialectContributor
2023-08-25 12:28:06,771 [main] INFO  org.hibernate.bytecode.internal.BytecodeProviderInitiator(buildBytecodeProvider:53) - HHH000021: Bytecode provider name : bytebuddy
2023-08-25 12:28:06,786 [main] INFO  org.hibernate.spatial(contributeFunctions:41) - HHH80000004: hibernate-spatial adding function contributions from : org.hibernate.spatial.dialect.postgis.PostgisDialectContributor
2023-08-25 12:28:06,834 [main] INFO  org.hibernate.engine.transaction.jta.platform.internal.JtaPlatformInitiator(initiateService:51) - HHH000490: Using JtaPlatform implementation: [org.hibernate.engine.transaction.jta.platform.internal.NoJtaPlatform]
2023-08-25 12:28:06,887 [main] INFO  org.springframework.orm.jpa.LocalContainerEntityManagerFactoryBean(buildNativeEntityManagerFactory:437) - Initialized JPA EntityManagerFactory for persistence unit 'default'
2023-08-25 12:28:07,308 [main] INFO  org.springframework.data.jpa.repository.query.QueryEnhancerFactory(<clinit>:47) - Hibernate is in classpath; If applicable, HQL parser will be used.
2023-08-25 12:28:09,904 [main] WARN  org.springframework.boot.autoconfigure.orm.jpa.JpaBaseConfiguration$JpaWebConfiguration(openEntityManagerInViewInterceptor:231) - spring.jpa.open-in-view is enabled by default. Therefore, database queries may be performed during view rendering. Explicitly configure spring.jpa.open-in-view to disable this warning
2023-08-25 12:28:10,557 [main] INFO  org.apache.coyote.http11.Http11NioProtocol(log:173) - Starting ProtocolHandler ["http-nio-8080"]
2023-08-25 12:28:10,604 [main] INFO  org.springframework.boot.web.embedded.tomcat.TomcatWebServer(start:220) - Tomcat started on port(s): 8080 (http) with context path ''
2023-08-25 12:28:10,605 [main] INFO  com.ulisesbocchio.jasyptspringboot.caching.RefreshScopeRefreshedEventListener(onApplicationEvent:70) - Refreshing cached encryptable property sources on ServletWebServerInitializedEvent
2023-08-25 12:28:10,606 [main] INFO  com.ulisesbocchio.jasyptspringboot.caching.CachingDelegateEncryptablePropertySource(refresh:92) - Property Source systemProperties refreshed
2023-08-25 12:28:10,606 [main] INFO  com.ulisesbocchio.jasyptspringboot.caching.CachingDelegateEncryptablePropertySource(refresh:92) - Property Source systemEnvironment refreshed
2023-08-25 12:28:10,607 [main] INFO  com.ulisesbocchio.jasyptspringboot.caching.CachingDelegateEncryptablePropertySource(refresh:92) - Property Source random refreshed
2023-08-25 12:28:10,607 [main] INFO  com.ulisesbocchio.jasyptspringboot.caching.CachingDelegateEncryptablePropertySource(refresh:92) - Property Source Config resource 'class path resource [application-prod.yml]' via location 'optional:classpath:/' refreshed
2023-08-25 12:28:10,607 [main] INFO  com.ulisesbocchio.jasyptspringboot.caching.CachingDelegateEncryptablePropertySource(refresh:92) - Property Source Config resource 'class path resource [application.yml]' via location 'optional:classpath:/' refreshed
2023-08-25 12:28:10,608 [main] INFO  com.ulisesbocchio.jasyptspringboot.EncryptablePropertySourceConverter(makeEncryptable:105) - Skipping PropertySource configurationProperties [class org.springframework.boot.context.properties.source.ConfigurationPropertySourcesPropertySource
2023-08-25 12:28:10,608 [main] INFO  com.ulisesbocchio.jasyptspringboot.EncryptablePropertySourceConverter(makeEncryptable:105) - Skipping PropertySource servletConfigInitParams [class org.springframework.core.env.PropertySource$StubPropertySource
2023-08-25 12:28:10,608 [main] INFO  com.ulisesbocchio.jasyptspringboot.EncryptablePropertySourceConverter(makeEncryptable:110) - Converting PropertySource servletContextInitParams [org.springframework.web.context.support.ServletContextPropertySource] to EncryptableEnumerablePropertySourceWrapper
2023-08-25 12:28:10,630 [main] INFO  com.mjuAppSW.joA.JProjectApplication(logStarted:57) - Started JProjectApplication in 16.721 seconds (process running for 23.428)
2023-08-25 12:28:26,511 [SpringApplicationShutdownHook] INFO  org.springframework.orm.jpa.LocalContainerEntityManagerFactoryBean(destroy:650) - Closing JPA EntityManagerFactory for persistence unit 'default'
2023-08-25 12:28:26,512 [SpringApplicationShutdownHook] INFO  com.zaxxer.hikari.HikariDataSource(close:350) - HikariPool-2 - Shutdown initiated...
2023-08-25 12:28:26,520 [SpringApplicationShutdownHook] INFO  com.zaxxer.hikari.HikariDataSource(close:352) - HikariPool-2 - Shutdown completed.
2023-08-25 12:28:26,521 [SpringApplicationShutdownHook] INFO  org.springframework.orm.jpa.LocalContainerEntityManagerFactoryBean(destroy:650) - Closing JPA EntityManagerFactory for persistence unit 'default'
2023-08-25 12:28:26,521 [SpringApplicationShutdownHook] INFO  com.zaxxer.hikari.HikariDataSource(close:350) - HikariPool-1 - Shutdown initiated...
2023-08-25 12:28:26,611 [SpringApplicationShutdownHook] INFO  com.zaxxer.hikari.HikariDataSource(close:352) - HikariPool-1 - Shutdown completed.
2023-08-25 12:32:16,994 [background-preinit] INFO  org.hibernate.validator.internal.util.Version(<clinit>:21) - HV000001: Hibernate Validator 8.0.0.Final
2023-08-25 12:32:17,014 [main] INFO  com.mjuAppSW.joA.JProjectApplication(logStarting:51) - Starting JProjectApplication using Java 17.0.5 with PID 6291 (/Users/mimi/Downloads/JProject_final/JProject/build/classes/java/main started by mimi in /Users/mimi/Downloads/JProject_final/JProject)
2023-08-25 12:32:17,696 [main] INFO  com.mjuAppSW.joA.JProjectApplication(logStartupProfileInfo:640) - The following 1 profile is active: "prod"
2023-08-25 12:32:18,114 [main] INFO  org.springframework.data.repository.config.RepositoryConfigurationDelegate(registerRepositoriesIn:138) - Bootstrapping Spring Data JPA repositories in DEFAULT mode.
2023-08-25 12:32:18,150 [main] INFO  org.springframework.data.repository.config.RepositoryConfigurationDelegate(registerRepositoriesIn:208) - Finished Spring Data repository scanning in 31 ms. Found 11 JPA repository interfaces.
2023-08-25 12:32:18,151 [main] INFO  org.springframework.data.repository.config.RepositoryConfigurationDelegate(registerRepositoriesIn:138) - Bootstrapping Spring Data JPA repositories in DEFAULT mode.
2023-08-25 12:32:18,154 [main] INFO  org.springframework.data.repository.config.RepositoryConfigurationDelegate(registerRepositoriesIn:208) - Finished Spring Data repository scanning in 3 ms. Found 1 JPA repository interfaces.
2023-08-25 12:32:18,375 [main] INFO  com.ulisesbocchio.jasyptspringboot.configuration.EnableEncryptablePropertiesBeanFactoryPostProcessor(postProcessBeanFactory:44) - Post-processing PropertySource instances
2023-08-25 12:32:18,378 [main] INFO  com.ulisesbocchio.jasyptspringboot.EncryptablePropertySourceConverter(makeEncryptable:105) - Skipping PropertySource configurationProperties [class org.springframework.boot.context.properties.source.ConfigurationPropertySourcesPropertySource
2023-08-25 12:32:18,378 [main] INFO  com.ulisesbocchio.jasyptspringboot.EncryptablePropertySourceConverter(makeEncryptable:105) - Skipping PropertySource servletConfigInitParams [class org.springframework.core.env.PropertySource$StubPropertySource
2023-08-25 12:32:18,378 [main] INFO  com.ulisesbocchio.jasyptspringboot.EncryptablePropertySourceConverter(makeEncryptable:105) - Skipping PropertySource servletContextInitParams [class org.springframework.core.env.PropertySource$StubPropertySource
2023-08-25 12:32:18,378 [main] INFO  com.ulisesbocchio.jasyptspringboot.EncryptablePropertySourceConverter(makeEncryptable:110) - Converting PropertySource systemProperties [org.springframework.core.env.PropertiesPropertySource] to EncryptableMapPropertySourceWrapper
2023-08-25 12:32:18,379 [main] INFO  com.ulisesbocchio.jasyptspringboot.EncryptablePropertySourceConverter(makeEncryptable:110) - Converting PropertySource systemEnvironment [org.springframework.boot.env.SystemEnvironmentPropertySourceEnvironmentPostProcessor$OriginAwareSystemEnvironmentPropertySource] to EncryptableSystemEnvironmentPropertySourceWrapper
2023-08-25 12:32:18,379 [main] INFO  com.ulisesbocchio.jasyptspringboot.EncryptablePropertySourceConverter(makeEncryptable:110) - Converting PropertySource random [org.springframework.boot.env.RandomValuePropertySource] to EncryptablePropertySourceWrapper
2023-08-25 12:32:18,379 [main] INFO  com.ulisesbocchio.jasyptspringboot.EncryptablePropertySourceConverter(makeEncryptable:110) - Converting PropertySource Config resource 'class path resource [application-prod.yml]' via location 'optional:classpath:/' [org.springframework.boot.env.OriginTrackedMapPropertySource] to EncryptableMapPropertySourceWrapper
2023-08-25 12:32:18,379 [main] INFO  com.ulisesbocchio.jasyptspringboot.EncryptablePropertySourceConverter(makeEncryptable:110) - Converting PropertySource Config resource 'class path resource [application.yml]' via location 'optional:classpath:/' [org.springframework.boot.env.OriginTrackedMapPropertySource] to EncryptableMapPropertySourceWrapper
2023-08-25 12:32:18,545 [main] INFO  org.springframework.boot.web.embedded.tomcat.TomcatWebServer(initialize:108) - Tomcat initialized with port(s): 8080 (http)
2023-08-25 12:32:18,551 [main] INFO  org.apache.coyote.http11.Http11NioProtocol(log:173) - Initializing ProtocolHandler ["http-nio-8080"]
2023-08-25 12:32:18,552 [main] INFO  org.apache.catalina.core.StandardService(log:173) - Starting service [Tomcat]
2023-08-25 12:32:18,552 [main] INFO  org.apache.catalina.core.StandardEngine(log:173) - Starting Servlet engine: [Apache Tomcat/10.1.10]
2023-08-25 12:32:18,591 [main] INFO  org.apache.catalina.core.ContainerBase.[Tomcat].[localhost].[/](log:173) - Initializing Spring embedded WebApplicationContext
2023-08-25 12:32:18,592 [main] INFO  org.springframework.boot.web.servlet.context.ServletWebServerApplicationContext(prepareWebApplicationContext:291) - Root WebApplicationContext: initialization completed in 705 ms
2023-08-25 12:32:18,625 [main] INFO  com.ulisesbocchio.jasyptspringboot.filter.DefaultLazyPropertyFilter(lambda$new$2:45) - Property Filter custom Bean not found with name 'encryptablePropertyFilter'. Initializing Default Property Filter
2023-08-25 12:32:18,629 [main] INFO  com.ulisesbocchio.jasyptspringboot.resolver.DefaultLazyPropertyResolver(lambda$new$2:46) - Property Resolver custom Bean not found with name 'encryptablePropertyResolver'. Initializing Default Property Resolver
2023-08-25 12:32:18,630 [main] INFO  com.ulisesbocchio.jasyptspringboot.detector.DefaultLazyPropertyDetector(lambda$new$2:44) - Property Detector custom Bean not found with name 'encryptablePropertyDetector'. Initializing Default Property Detector
2023-08-25 12:32:18,668 [main] INFO  org.hibernate.jpa.internal.util.LogHelper(logPersistenceUnitInformation:31) - HHH000204: Processing PersistenceUnitInfo [name: default]
2023-08-25 12:32:18,706 [main] INFO  org.hibernate.Version(logVersion:44) - HHH000412: Hibernate ORM core version 6.2.5.Final
2023-08-25 12:32:18,707 [main] INFO  org.hibernate.cfg.Environment(<clinit>:191) - HHH000406: Using bytecode reflection optimizer
2023-08-25 12:32:18,712 [main] INFO  org.hibernate.spatial.integration.SpatialService(<init>:42) - HHH80000001: hibernate-spatial integration enabled : true
2023-08-25 12:32:18,777 [main] INFO  com.zaxxer.hikari.HikariDataSource(getConnection:110) - HikariPool-1 - Starting...
2023-08-25 12:32:18,954 [main] INFO  com.zaxxer.hikari.pool.HikariPool(checkFailFast:565) - HikariPool-1 - Added connection com.mysql.cj.jdbc.ConnectionImpl@1488a861
2023-08-25 12:32:18,956 [main] INFO  com.zaxxer.hikari.HikariDataSource(getConnection:123) - HikariPool-1 - Start completed.
2023-08-25 12:32:19,015 [main] INFO  org.hibernate.spatial(contributeJdbcTypes:28) - HHH80000003: hibernate-spatial adding type contributions from : org.hibernate.spatial.dialect.mysql.MySQLDialectContributor
2023-08-25 12:32:19,058 [main] INFO  org.hibernate.bytecode.internal.BytecodeProviderInitiator(buildBytecodeProvider:53) - HHH000021: Bytecode provider name : bytebuddy
2023-08-25 12:32:19,126 [main] INFO  org.springframework.orm.jpa.persistenceunit.SpringPersistenceUnitInfo(addTransformer:87) - No LoadTimeWeaver setup: ignoring JPA class transformer
2023-08-25 12:32:19,136 [main] INFO  org.hibernate.spatial(contributeJdbcTypes:28) - HHH80000003: hibernate-spatial adding type contributions from : org.hibernate.spatial.dialect.mysql.MySQLDialectContributor
2023-08-25 12:32:19,255 [main] INFO  org.hibernate.bytecode.internal.BytecodeProviderInitiator(buildBytecodeProvider:53) - HHH000021: Bytecode provider name : bytebuddy
2023-08-25 12:32:19,314 [main] INFO  org.hibernate.spatial(contributeFunctions:34) - HHH80000004: hibernate-spatial adding function contributions from : org.hibernate.spatial.dialect.mysql.MySQLDialectContributor
2023-08-25 12:32:19,670 [main] INFO  org.hibernate.engine.transaction.jta.platform.internal.JtaPlatformInitiator(initiateService:51) - HHH000490: Using JtaPlatform implementation: [org.hibernate.engine.transaction.jta.platform.internal.NoJtaPlatform]
2023-08-25 12:32:24,266 [main] INFO  org.springframework.orm.jpa.LocalContainerEntityManagerFactoryBean(buildNativeEntityManagerFactory:437) - Initialized JPA EntityManagerFactory for persistence unit 'default'
2023-08-25 12:32:24,275 [main] INFO  org.hibernate.jpa.internal.util.LogHelper(logPersistenceUnitInformation:31) - HHH000204: Processing PersistenceUnitInfo [name: default]
2023-08-25 12:32:24,277 [main] INFO  org.hibernate.spatial.integration.SpatialService(<init>:42) - HHH80000001: hibernate-spatial integration enabled : true
2023-08-25 12:32:24,281 [main] INFO  com.zaxxer.hikari.HikariDataSource(getConnection:110) - HikariPool-2 - Starting...
2023-08-25 12:32:24,634 [main] INFO  com.zaxxer.hikari.pool.HikariPool(checkFailFast:565) - HikariPool-2 - Added connection org.postgresql.jdbc.PgConnection@1abf38d1
2023-08-25 12:32:24,634 [main] INFO  com.zaxxer.hikari.HikariDataSource(getConnection:123) - HikariPool-2 - Start completed.
2023-08-25 12:32:24,676 [main] INFO  org.hibernate.spatial(contributeJdbcTypes:28) - HHH80000003: hibernate-spatial adding type contributions from : org.hibernate.spatial.dialect.postgis.PostgisDialectContributor
2023-08-25 12:32:24,689 [main] INFO  org.hibernate.bytecode.internal.BytecodeProviderInitiator(buildBytecodeProvider:53) - HHH000021: Bytecode provider name : bytebuddy
2023-08-25 12:32:24,690 [main] INFO  org.springframework.orm.jpa.persistenceunit.SpringPersistenceUnitInfo(addTransformer:87) - No LoadTimeWeaver setup: ignoring JPA class transformer
2023-08-25 12:32:24,693 [main] INFO  org.hibernate.spatial(contributeJdbcTypes:28) - HHH80000003: hibernate-spatial adding type contributions from : org.hibernate.spatial.dialect.postgis.PostgisDialectContributor
2023-08-25 12:32:24,696 [main] INFO  org.hibernate.bytecode.internal.BytecodeProviderInitiator(buildBytecodeProvider:53) - HHH000021: Bytecode provider name : bytebuddy
2023-08-25 12:32:24,700 [main] INFO  org.hibernate.spatial(contributeFunctions:41) - HHH80000004: hibernate-spatial adding function contributions from : org.hibernate.spatial.dialect.postgis.PostgisDialectContributor
2023-08-25 12:32:24,714 [main] INFO  org.hibernate.engine.transaction.jta.platform.internal.JtaPlatformInitiator(initiateService:51) - HHH000490: Using JtaPlatform implementation: [org.hibernate.engine.transaction.jta.platform.internal.NoJtaPlatform]
2023-08-25 12:32:24,780 [main] INFO  org.springframework.orm.jpa.LocalContainerEntityManagerFactoryBean(buildNativeEntityManagerFactory:437) - Initialized JPA EntityManagerFactory for persistence unit 'default'
2023-08-25 12:32:24,926 [main] INFO  org.springframework.data.jpa.repository.query.QueryEnhancerFactory(<clinit>:47) - Hibernate is in classpath; If applicable, HQL parser will be used.
2023-08-25 12:32:25,758 [main] WARN  org.springframework.boot.autoconfigure.orm.jpa.JpaBaseConfiguration$JpaWebConfiguration(openEntityManagerInViewInterceptor:231) - spring.jpa.open-in-view is enabled by default. Therefore, database queries may be performed during view rendering. Explicitly configure spring.jpa.open-in-view to disable this warning
2023-08-25 12:32:25,923 [main] INFO  org.apache.coyote.http11.Http11NioProtocol(log:173) - Starting ProtocolHandler ["http-nio-8080"]
2023-08-25 12:32:25,933 [main] INFO  org.springframework.boot.web.embedded.tomcat.TomcatWebServer(start:220) - Tomcat started on port(s): 8080 (http) with context path ''
2023-08-25 12:32:25,933 [main] INFO  com.ulisesbocchio.jasyptspringboot.caching.RefreshScopeRefreshedEventListener(onApplicationEvent:70) - Refreshing cached encryptable property sources on ServletWebServerInitializedEvent
2023-08-25 12:32:25,934 [main] INFO  com.ulisesbocchio.jasyptspringboot.caching.CachingDelegateEncryptablePropertySource(refresh:92) - Property Source systemProperties refreshed
2023-08-25 12:32:25,934 [main] INFO  com.ulisesbocchio.jasyptspringboot.caching.CachingDelegateEncryptablePropertySource(refresh:92) - Property Source systemEnvironment refreshed
2023-08-25 12:32:25,934 [main] INFO  com.ulisesbocchio.jasyptspringboot.caching.CachingDelegateEncryptablePropertySource(refresh:92) - Property Source random refreshed
2023-08-25 12:32:25,934 [main] INFO  com.ulisesbocchio.jasyptspringboot.caching.CachingDelegateEncryptablePropertySource(refresh:92) - Property Source Config resource 'class path resource [application-prod.yml]' via location 'optional:classpath:/' refreshed
2023-08-25 12:32:25,934 [main] INFO  com.ulisesbocchio.jasyptspringboot.caching.CachingDelegateEncryptablePropertySource(refresh:92) - Property Source Config resource 'class path resource [application.yml]' via location 'optional:classpath:/' refreshed
2023-08-25 12:32:25,934 [main] INFO  com.ulisesbocchio.jasyptspringboot.EncryptablePropertySourceConverter(makeEncryptable:105) - Skipping PropertySource configurationProperties [class org.springframework.boot.context.properties.source.ConfigurationPropertySourcesPropertySource
2023-08-25 12:32:25,934 [main] INFO  com.ulisesbocchio.jasyptspringboot.EncryptablePropertySourceConverter(makeEncryptable:105) - Skipping PropertySource servletConfigInitParams [class org.springframework.core.env.PropertySource$StubPropertySource
2023-08-25 12:32:25,934 [main] INFO  com.ulisesbocchio.jasyptspringboot.EncryptablePropertySourceConverter(makeEncryptable:110) - Converting PropertySource servletContextInitParams [org.springframework.web.context.support.ServletContextPropertySource] to EncryptableEnumerablePropertySourceWrapper
2023-08-25 12:32:25,941 [main] INFO  com.mjuAppSW.joA.JProjectApplication(logStarted:57) - Started JProjectApplication in 9.1 seconds (process running for 9.504)
2023-08-25 12:36:12,986 [SpringApplicationShutdownHook] INFO  org.springframework.orm.jpa.LocalContainerEntityManagerFactoryBean(destroy:650) - Closing JPA EntityManagerFactory for persistence unit 'default'
2023-08-25 12:36:12,987 [SpringApplicationShutdownHook] INFO  com.zaxxer.hikari.HikariDataSource(close:350) - HikariPool-2 - Shutdown initiated...
2023-08-25 12:36:12,990 [SpringApplicationShutdownHook] INFO  com.zaxxer.hikari.HikariDataSource(close:352) - HikariPool-2 - Shutdown completed.
2023-08-25 12:36:12,990 [SpringApplicationShutdownHook] INFO  org.springframework.orm.jpa.LocalContainerEntityManagerFactoryBean(destroy:650) - Closing JPA EntityManagerFactory for persistence unit 'default'
2023-08-25 12:36:12,991 [SpringApplicationShutdownHook] INFO  com.zaxxer.hikari.HikariDataSource(close:350) - HikariPool-1 - Shutdown initiated...
2023-08-25 12:36:13,133 [SpringApplicationShutdownHook] INFO  com.zaxxer.hikari.HikariDataSource(close:352) - HikariPool-1 - Shutdown completed.
